Determining if the pthread_create exist failed with the following output:
Change Dir: /home/rustyrick/git/TorrentSync/CMakeFiles/CMakeTmp

Run Build Command:/usr/bin/make "cmTryCompileExec65410324/fast"
make[1]: ingresso nella directory "/home/rustyrick/git/TorrentSync/CMakeFiles/CMakeTmp"
/usr/bin/make -f CMakeFiles/cmTryCompileExec65410324.dir/build.make CMakeFiles/cmTryCompileExec65410324.dir/build
make[2]: ingresso nella directory "/home/rustyrick/git/TorrentSync/CMakeFiles/CMakeTmp"
/usr/bin/cmake -E cmake_progress_report /home/rustyrick/git/TorrentSync/CMakeFiles/CMakeTmp/CMakeFiles 1
Building C object CMakeFiles/cmTryCompileExec65410324.dir/CheckSymbolExists.c.o
/usr/bin/cc    -o CMakeFiles/cmTryCompileExec65410324.dir/CheckSymbolExists.c.o   -c /home/rustyrick/git/TorrentSync/CMakeFiles/CMakeTmp/CheckSymbolExists.c
Linking C executable cmTryCompileExec65410324
/usr/bin/cmake -E cmake_link_script CMakeFiles/cmTryCompileExec65410324.dir/link.txt --verbose=1
/usr/bin/cc         CMakeFiles/cmTryCompileExec65410324.dir/CheckSymbolExists.c.o  -o cmTryCompileExec65410324 -rdynamic 
CMakeFiles/cmTryCompileExec65410324.dir/CheckSymbolExists.c.o: nella funzione "main":
CheckSymbolExists.c:(.text+0x16): riferimento non definito a "pthread_create"
collect2: error: ld returned 1 exit status
make[2]: uscita dalla directory "/home/rustyrick/git/TorrentSync/CMakeFiles/CMakeTmp"
make[2]: *** [cmTryCompileExec65410324] Errore 1
make[1]: *** [cmTryCompileExec65410324/fast] Errore 2
make[1]: uscita dalla directory "/home/rustyrick/git/TorrentSync/CMakeFiles/CMakeTmp"

File /home/rustyrick/git/TorrentSync/CMakeFiles/CMakeTmp/CheckSymbolExists.c:
/* */
#include <pthread.h>

int main(int argc, char** argv)
{
  (void)argv;
#ifndef pthread_create
  return ((int*)(&pthread_create))[argc];
#else
  (void)argc;
  return 0;
#endif
}

Determining if the function pthread_create exists in the pthreads failed with the following output:
Change Dir: /home/rustyrick/git/TorrentSync/CMakeFiles/CMakeTmp

Run Build Command:/usr/bin/make "cmTryCompileExec3391821817/fast"
make[1]: ingresso nella directory "/home/rustyrick/git/TorrentSync/CMakeFiles/CMakeTmp"
/usr/bin/make -f CMakeFiles/cmTryCompileExec3391821817.dir/build.make CMakeFiles/cmTryCompileExec3391821817.dir/build
make[2]: ingresso nella directory "/home/rustyrick/git/TorrentSync/CMakeFiles/CMakeTmp"
/usr/bin/cmake -E cmake_progress_report /home/rustyrick/git/TorrentSync/CMakeFiles/CMakeTmp/CMakeFiles 1
Building C object CMakeFiles/cmTryCompileExec3391821817.dir/CheckFunctionExists.c.o
/usr/bin/cc   -DCHECK_FUNCTION_EXISTS=pthread_create   -o CMakeFiles/cmTryCompileExec3391821817.dir/CheckFunctionExists.c.o   -c /usr/share/cmake-2.8/Modules/CheckFunctionExists.c
Linking C executable cmTryCompileExec3391821817
/usr/bin/cmake -E cmake_link_script CMakeFiles/cmTryCompileExec3391821817.dir/link.txt --verbose=1
/usr/bin/cc     -DCHECK_FUNCTION_EXISTS=pthread_create    CMakeFiles/cmTryCompileExec3391821817.dir/CheckFunctionExists.c.o  -o cmTryCompileExec3391821817 -rdynamic -lpthreads 
/usr/bin/ld: impossibile trovare -lpthreads
collect2: error: ld returned 1 exit status
make[2]: *** [cmTryCompileExec3391821817] Errore 1
make[2]: uscita dalla directory "/home/rustyrick/git/TorrentSync/CMakeFiles/CMakeTmp"
make[1]: *** [cmTryCompileExec3391821817/fast] Errore 2
make[1]: uscita dalla directory "/home/rustyrick/git/TorrentSync/CMakeFiles/CMakeTmp"


